<?xml version="1.0" encoding="UTF-8"?>
<testsuite xmlns:xsi="http://www.w3.org/2001/XMLSchema-instance" xsi:noNamespaceSchemaLocation="https://maven.apache.org/surefire/maven-surefire-plugin/xsd/surefire-test-report.xsd" name="SetimplementationTest.HashMapsTest" time="0.032" tests="11" errors="0" skipped="0" failures="0">
  <properties>
[...]
</properties>
  <testcase name="containsTest" classname="SetimplementationTest.HashMapsTest" time="0"/>
  <testcase name="toArrayOneElementTest" classname="SetimplementationTest.HashMapsTest" time="0"/>
  <testcase name="addNothingTest" classname="SetimplementationTest.HashMapsTest" time="0.001"/>
  <testcase name="addCopies" classname="SetimplementationTest.HashMapsTest" time="0.002"/>
  <testcase name="toArrayNoneElementTest" classname="SetimplementationTest.HashMapsTest" time="0.001"/>
  <testcase name="containsManyTest" classname="SetimplementationTest.HashMapsTest" time="0.002"/>
  <testcase name="addManyTests" classname="SetimplementationTest.HashMapsTest" time="0.002"/>
  <testcase name="toArrayManyElementsTest" classname="SetimplementationTest.HashMapsTest" time="0.004"/>
  <testcase name="removeFromManyTest" classname="SetimplementationTest.HashMapsTest" time="0.002"/>
  <testcase name="addOneTest" classname="SetimplementationTest.HashMapsTest" time="0.001"/>
  <testcase name="removeFromOneTest" classname="SetimplementationTest.HashMapsTest" time="0.003"/>
</testsuite>